<?xml version="1.0" encoding="UTF-8"?>
<!-- Generated by org.testng.reporters.JUnitXMLReporter -->
<testsuite ignored="0" hostname="INFLAP322" failures="1" tests="3" name="getbooking" time="6.832" errors="0" timestamp="2020-12-28T22:09:35 IST">
  <testcase classname="com.restful.booker.tests.GetBookingTest" name="getBooKingIdsTest" time="1.825"/>
  <testcase classname="com.restful.booker.tests.GetBookingTest" name="getBooKingInvalidIDTest" time="0.379"/>
  <testcase classname="com.restful.booker.tests.GetBookingTest" name="getBooKingTest" time="0.395">
    <failure type="java.lang.AssertionError" message=" The API status code does not match expected expected [200] but found [404]">
      <![CDATA[java.lang.AssertionError:  The API status code does not match expected expected [200] but found [404]
at com.restful.booker.tests.GetBookingTest.getBooKingTest(GetBookingTest.java:43)
at java.base/java.util.ArrayList.forEach(ArrayList.java:1507)
... Removed 31 stack frames]]>
    </failure>
  </testcase> <!-- getBooKingTest -->
</testsuite> <!-- getbooking -->
