<?xml version="1.0" encoding="UTF-8"?>
<!-- Generated by org.testng.reporters.JUnitXMLReporter -->
<testsuite ignored="0" hostname="INFLAP322" failures="0" tests="8" name="Test" time="12.062" errors="0" timestamp="2020-12-28T21:53:03 IST">
  <testcase classname="com.restful.booker.tests.ManageBookingTest" name="patchBookingTest" time="1.814"/>
  <testcase classname="com.restful.booker.tests.ManageBookingTest" name="patchBookingTest" time="0.383"/>
  <testcase classname="com.restful.booker.tests.ManageBookingTest" name="updateBookingTest" time="0.414"/>
  <testcase classname="com.restful.booker.tests.ManageBookingTest" name="updateBookingTest" time="0.372"/>
  <testcase classname="com.restful.booker.tests.ManageBookingTest" name="createBookingTest" time="0.427"/>
  <testcase classname="com.restful.booker.tests.ManageBookingTest" name="createBookingTest" time="0.425"/>
  <testcase classname="com.restful.booker.tests.ManageBookingTest" name="deleteBookingTest" time="0.413"/>
  <testcase classname="com.restful.booker.tests.ManageBookingTest" name="deleteBookingTest" time="0.347"/>
</testsuite> <!-- Test -->
